[2020-07-23 20:50:39,138] [ERROR]: Exception on /api/services/v1/order_finalize [POST] [in /home/ubuntu/.local/lib/python3.6/site-packages/flask/app.py:1560]
Traceback (most recent call last):
  File "/home/ubuntu/SIH-2020/app/routes.py", line 508, in order_finalize
    assets = assets['assets']
TypeError: 'NoneType' object is not subscriptable

During handling of the above exception, another exception occurred:

Traceback (most recent call last):
  File "/home/ubuntu/.local/lib/python3.6/site-packages/flask/app.py", line 1982, in wsgi_app
    the :attr:`before_first_request_funcs` and only exactly once per
  File "/home/ubuntu/.local/lib/python3.6/site-packages/flask/app.py", line 1614, in full_dispatch_request
    @setupmethod
  File "/home/ubuntu/.local/lib/python3.6/site-packages/flask/app.py", line 1517, in handle_user_exception
    self.add_template_global(f, name=name)
  File "/home/ubuntu/.local/lib/python3.6/site-packages/flask/_compat.py", line 33, in reraise
    from io import StringIO
  File "/home/ubuntu/.local/lib/python3.6/site-packages/flask/app.py", line 1612, in full_dispatch_request
    return f
  File "/home/ubuntu/.local/lib/python3.6/site-packages/flask/app.py", line 1598, in dispatch_request
  File "/home/ubuntu/SIH-2020/app/routes.py", line 534, in order_finalize
    logger.error(str(e) + "on line no: " + exc_tb.tb_lineno)
NameError: name 'logger' is not defined
[2020-07-25 11:53:37,015] [INFO]: Supply Chain Startup [in /home/ubuntu/SIH-2020/app/__init__.py:54]
[2020-07-25 11:53:37,081] [INFO]: Supply Chain Startup [in /home/ubuntu/SIH-2020/app/__init__.py:54]
[2020-07-25 11:53:37,108] [INFO]: Supply Chain Startup [in /home/ubuntu/SIH-2020/app/__init__.py:54]
