[2020-07-27 17:50:56,913] [INFO]: reached so invoice 1 [in /home/ubuntu/SIH-2020/app/routes.py:541]
[2020-07-27 17:50:56,920] [ERROR]: Exception on /api/services/v1/get_so_invoice [POST] [in /home/ubuntu/.local/lib/python3.6/site-packages/flask/app.py:1892]
Traceback (most recent call last):
  File "/home/ubuntu/SIH-2020/app/routes.py", line 545, in get_so_invoice
    content = db.po.find_one({'_id':ObjectId(cont['po_id'])})
TypeError: 'NoneType' object is not subscriptable

During handling of the above exception, another exception occurred:

Traceback (most recent call last):
  File "/home/ubuntu/.local/lib/python3.6/site-packages/flask/app.py", line 2447, in wsgi_app
    response = self.full_dispatch_request()
  File "/home/ubuntu/.local/lib/python3.6/site-packages/flask/app.py", line 1952, in full_dispatch_request
    rv = self.handle_user_exception(e)
  File "/home/ubuntu/.local/lib/python3.6/site-packages/flask/app.py", line 1821, in handle_user_exception
    reraise(exc_type, exc_value, tb)
  File "/home/ubuntu/.local/lib/python3.6/site-packages/flask/_compat.py", line 39, in reraise
    raise value
  File "/home/ubuntu/.local/lib/python3.6/site-packages/flask/app.py", line 1950, in full_dispatch_request
    rv = self.dispatch_request()
  File "/home/ubuntu/.local/lib/python3.6/site-packages/flask/app.py", line 1936, in dispatch_request
    return self.view_functions[rule.endpoint](**req.view_args)
  File "/home/ubuntu/SIH-2020/app/routes.py", line 559, in get_so_invoice
    logger.error(str(e) + "on line no: " + exc_tb.tb_lineno)
NameError: name 'logger' is not defined
[2020-07-27 17:50:59,223] [INFO]: <Request 'http://3.92.96.170/api/services/v1/get_so_invoice' [POST]> [in /home/ubuntu/SIH-2020/app/routes.py:535]
[2020-07-27 17:50:59,224] [INFO]: reached so invoice 1 [in /home/ubuntu/SIH-2020/app/routes.py:541]
[2020-07-27 17:50:59,253] [INFO]: so_5f0e06a2358cf725a32459af.pdf [in /home/ubuntu/SIH-2020/app/routes.py:548]
[2020-07-27 17:50:59,326] [INFO]: http://35.172.121.202/static/so/so_5f0e06a2358cf725a32459af.pdf [in /home/ubuntu/SIH-2020/app/routes.py:554]
[2020-07-27 17:51:11,991] [INFO]: <Request 'http://3.92.96.170/api/services/v1/get_so_invoice' [POST]> [in /home/ubuntu/SIH-2020/app/routes.py:535]
[2020-07-27 17:51:11,991] [INFO]: reached so invoice 1 [in /home/ubuntu/SIH-2020/app/routes.py:541]
[2020-07-27 17:51:12,033] [INFO]: so_5f114426f671b692fd81950d.pdf [in /home/ubuntu/SIH-2020/app/routes.py:548]
[2020-07-27 17:51:12,134] [INFO]: http://35.172.121.202/static/so/so_5f114426f671b692fd81950d.pdf [in /home/ubuntu/SIH-2020/app/routes.py:554]
[2020-07-27 17:55:46,759] [INFO]: Supply Chain Startup [in /home/ubuntu/SIH-2020/app/__init__.py:54]
[2020-07-27 17:55:46,753] [INFO]: Supply Chain Startup [in /home/ubuntu/SIH-2020/app/__init__.py:54]
[2020-07-27 17:55:46,824] [INFO]: Supply Chain Startup [in /home/ubuntu/SIH-2020/app/__init__.py:54]
[2020-07-27 17:59:17,261] [INFO]: {'provider': 'username', 'Data': {'serial_no': ' '}} [in /home/ubuntu/SIH-2020/app/routes.py:989]
[2020-07-27 17:59:17,369] [INFO]: {'provider': 'username', 'Data': {'serial_no': ' '}} [in /home/ubuntu/SIH-2020/app/routes.py:989]
[2020-07-27 18:09:25,169] [INFO]: <Request 'http://3.92.96.170/api/services/v1/get_so_invoice' [POST]> [in /home/ubuntu/SIH-2020/app/routes.py:535]
[2020-07-27 18:09:25,169] [INFO]: reached so invoice 1 [in /home/ubuntu/SIH-2020/app/routes.py:541]
[2020-07-27 18:09:25,182] [INFO]: so_5f0e06a2358cf725a32459af.pdf [in /home/ubuntu/SIH-2020/app/routes.py:548]
[2020-07-27 18:09:25,268] [INFO]: http://35.172.121.202/static/so/so_5f0e06a2358cf725a32459af.pdf [in /home/ubuntu/SIH-2020/app/routes.py:554]
[2020-07-27 18:09:40,319] [INFO]: <Request 'http://3.92.96.170/api/services/v1/get_so_invoice' [POST]> [in /home/ubuntu/SIH-2020/app/routes.py:535]
[2020-07-27 18:09:40,320] [INFO]: reached so invoice 1 [in /home/ubuntu/SIH-2020/app/routes.py:541]
[2020-07-27 18:09:40,371] [INFO]: so_5f0e06a2358cf725a32459af.pdf [in /home/ubuntu/SIH-2020/app/routes.py:548]
[2020-07-27 18:09:40,459] [INFO]: http://35.172.121.202/static/so/so_5f0e06a2358cf725a32459af.pdf [in /home/ubuntu/SIH-2020/app/routes.py:554]
[2020-07-27 18:09:55,461] [INFO]: <Request 'http://3.92.96.170/api/services/v1/get_so_invoice' [POST]> [in /home/ubuntu/SIH-2020/app/routes.py:535]
[2020-07-27 18:09:55,461] [INFO]: reached so invoice 1 [in /home/ubuntu/SIH-2020/app/routes.py:541]
[2020-07-27 18:09:55,470] [INFO]: so_5f157264ea95723b48ff59f8.pdf [in /home/ubuntu/SIH-2020/app/routes.py:548]
[2020-07-27 18:09:55,545] [INFO]: http://35.172.121.202/static/so/so_5f157264ea95723b48ff59f8.pdf [in /home/ubuntu/SIH-2020/app/routes.py:554]
[2020-07-27 18:10:28,583] [INFO]: <Request 'http://3.92.96.170/api/services/v1/get_so_invoice' [POST]> [in /home/ubuntu/SIH-2020/app/routes.py:535]
[2020-07-27 18:10:28,584] [INFO]: reached so invoice 1 [in /home/ubuntu/SIH-2020/app/routes.py:541]
[2020-07-27 18:10:28,594] [INFO]: so_5f157264ea95723b48ff59f8.pdf [in /home/ubuntu/SIH-2020/app/routes.py:548]
[2020-07-27 18:10:28,667] [INFO]: http://35.172.121.202/static/so/so_5f157264ea95723b48ff59f8.pdf [in /home/ubuntu/SIH-2020/app/routes.py:554]
[2020-07-27 18:12:30,918] [INFO]: Supply Chain Startup [in /home/ubuntu/SIH-2020/app/__init__.py:54]
[2020-07-27 18:12:30,914] [INFO]: Supply Chain Startup [in /home/ubuntu/SIH-2020/app/__init__.py:54]
[2020-07-27 18:12:30,941] [INFO]: Supply Chain Startup [in /home/ubuntu/SIH-2020/app/__init__.py:54]
[2020-07-27 18:12:48,347] [INFO]: <Request 'http://3.92.96.170/api/services/v1/get_so_invoice' [POST]> [in /home/ubuntu/SIH-2020/app/routes.py:535]
[2020-07-27 18:12:48,348] [INFO]: reached so invoice 1 [in /home/ubuntu/SIH-2020/app/routes.py:541]
[2020-07-27 18:12:48,373] [INFO]: so_5f0e06a2358cf725a32459af.pdf [in /home/ubuntu/SIH-2020/app/routes.py:548]
[2020-07-27 18:12:48,456] [INFO]: http://3.92.96.170/static/so/so_5f0e06a2358cf725a32459af.pdf [in /home/ubuntu/SIH-2020/app/routes.py:554]
